[eval] val-a: 11 subjects -> ['10-FemaleNoGlasses', '13-FemaleNoGlasses', '14-FemaleNoGlasses', '17-FemaleNoGlasses', '2-FemaleNoGlasses', '30-MaleGlasses', '31-FemaleNoGlasses', '34-MaleNoGlasses', 'Yawning005', 'Yawning006', 'Yawning008']
[eval] 1/33 Yawning/10-FemaleNoGlasses-Yawning.avi
INFO: Created TensorFlow Lite XNNPACK delegate for CPU.
WARNING: All log messages before absl::InitializeLog() is called are written to STDERR
W0000 00:00:1784205739.561493   25140 inference_feedback_manager.cc:114] Feedback manager requires a model with a single signature inference. Disabling support for feedback tensors.
W0000 00:00:1784205739.572274   25044 inference_feedback_manager.cc:114] Feedback manager requires a model with a single signature inference. Disabling support for feedback tensors.
E:\sahar\pythonCorss\lib\site-packages\google\protobuf\symbol_database.py:55: UserWarning: SymbolDatabase.GetPrototype() is deprecated. Please use message_factory.GetMessageClass() instead. SymbolDatabase.GetPrototype() will be removed soon.
  warnings.warn('SymbolDatabase.GetPrototype() is deprecated. Please '
[video] yawn CNN enabled (val F1=0.666); P(yawn) >= 0.83 replaces MAR >= 0.6.
[eval] 2/33 Yawning/13-FemaleNoGlasses-Yawning.avi
W0000 00:00:1784205750.322083   22048 inference_feedback_manager.cc:114] Feedback manager requires a model with a single signature inference. Disabling support for feedback tensors.
W0000 00:00:1784205750.334545    1452 inference_feedback_manager.cc:114] Feedback manager requires a model with a single signature inference. Disabling support for feedback tensors.
[video] yawn CNN enabled (val F1=0.666); P(yawn) >= 0.83 replaces MAR >= 0.6.
[eval] 3/33 Yawning/14-FemaleNoGlasses-Yawning.avi
W0000 00:00:1784205761.518005    7776 inference_feedback_manager.cc:114] Feedback manager requires a model with a single signature inference. Disabling support for feedback tensors.
W0000 00:00:1784205761.528629   22384 inference_feedback_manager.cc:114] Feedback manager requires a model with a single signature inference. Disabling support for feedback tensors.
[video] yawn CNN enabled (val F1=0.666); P(yawn) >= 0.83 replaces MAR >= 0.6.
[eval] 4/33 Yawning/17-FemaleNoGlasses-Yawning.avi
W0000 00:00:1784205772.212364   25168 inference_feedback_manager.cc:114] Feedback manager requires a model with a single signature inference. Disabling support for feedback tensors.
W0000 00:00:1784205772.227946    6680 inference_feedback_manager.cc:114] Feedback manager requires a model with a single signature inference. Disabling support for feedback tensors.
[video] yawn CNN enabled (val F1=0.666); P(yawn) >= 0.83 replaces MAR >= 0.6.
[eval] 5/33 Yawning/30-MaleGlasses-Yawning.avi
W0000 00:00:1784205782.253122   16728 inference_feedback_manager.cc:114] Feedback manager requires a model with a single signature inference. Disabling support for feedback tensors.
W0000 00:00:1784205782.264007   16728 inference_feedback_manager.cc:114] Feedback manager requires a model with a single signature inference. Disabling support for feedback tensors.
[video] yawn CNN enabled (val F1=0.666); P(yawn) >= 0.83 replaces MAR >= 0.6.
[eval] 6/33 Yawning/31-FemaleNoGlasses-Yawning.avi
W0000 00:00:1784205791.797591   22088 inference_feedback_manager.cc:114] Feedback manager requires a model with a single signature inference. Disabling support for feedback tensors.
W0000 00:00:1784205791.808769   23224 inference_feedback_manager.cc:114] Feedback manager requires a model with a single signature inference. Disabling support for feedback tensors.
[video] yawn CNN enabled (val F1=0.666); P(yawn) >= 0.83 replaces MAR >= 0.6.
[eval] 7/33 Yawning/34-MaleNoGlasses-Yawning.avi
W0000 00:00:1784205800.953564   18788 inference_feedback_manager.cc:114] Feedback manager requires a model with a single signature inference. Disabling support for feedback tensors.
W0000 00:00:1784205800.965956    5552 inference_feedback_manager.cc:114] Feedback manager requires a model with a single signature inference. Disabling support for feedback tensors.
[video] yawn CNN enabled (val F1=0.666); P(yawn) >= 0.83 replaces MAR >= 0.6.
[eval] 8/33 Yawning/Yawning005_yawn1.mp4
W0000 00:00:1784205812.696101   21112 inference_feedback_manager.cc:114] Feedback manager requires a model with a single signature inference. Disabling support for feedback tensors.
W0000 00:00:1784205812.709119   18844 inference_feedback_manager.cc:114] Feedback manager requires a model with a single signature inference. Disabling support for feedback tensors.
[video] yawn CNN enabled (val F1=0.666); P(yawn) >= 0.83 replaces MAR >= 0.6.
[eval] 9/33 Yawning/Yawning005_yawn2.mp4
W0000 00:00:1784205815.249027    9072 inference_feedback_manager.cc:114] Feedback manager requires a model with a single signature inference. Disabling support for feedback tensors.
W0000 00:00:1784205815.272696    4288 inference_feedback_manager.cc:114] Feedback manager requires a model with a single signature inference. Disabling support for feedback tensors.
[video] yawn CNN enabled (val F1=0.666); P(yawn) >= 0.83 replaces MAR >= 0.6.
[eval] 10/33 Yawning/Yawning005_yawn3.mp4
W0000 00:00:1784205817.850701   22448 inference_feedback_manager.cc:114] Feedback manager requires a model with a single signature inference. Disabling support for feedback tensors.
W0000 00:00:1784205817.864127    1744 inference_feedback_manager.cc:114] Feedback manager requires a model with a single signature inference. Disabling support for feedback tensors.
[video] yawn CNN enabled (val F1=0.666); P(yawn) >= 0.83 replaces MAR >= 0.6.
[eval] 11/33 Yawning/Yawning006_yawn1.mp4
W0000 00:00:1784205820.723690   12132 inference_feedback_manager.cc:114] Feedback manager requires a model with a single signature inference. Disabling support for feedback tensors.
W0000 00:00:1784205820.733964   25288 inference_feedback_manager.cc:114] Feedback manager requires a model with a single signature inference. Disabling support for feedback tensors.
[video] yawn CNN enabled (val F1=0.666); P(yawn) >= 0.83 replaces MAR >= 0.6.
[eval] 12/33 Yawning/Yawning006_yawn2.mp4
W0000 00:00:1784205823.184896   11404 inference_feedback_manager.cc:114] Feedback manager requires a model with a single signature inference. Disabling support for feedback tensors.
W0000 00:00:1784205823.196263    3412 inference_feedback_manager.cc:114] Feedback manager requires a model with a single signature inference. Disabling support for feedback tensors.
[video] yawn CNN enabled (val F1=0.666); P(yawn) >= 0.83 replaces MAR >= 0.6.
[eval] 13/33 Yawning/Yawning006_yawn3.mp4
W0000 00:00:1784205825.169784   16644 inference_feedback_manager.cc:114] Feedback manager requires a model with a single signature inference. Disabling support for feedback tensors.
W0000 00:00:1784205825.182593    6560 inference_feedback_manager.cc:114] Feedback manager requires a model with a single signature inference. Disabling support for feedback tensors.
[video] yawn CNN enabled (val F1=0.666); P(yawn) >= 0.83 replaces MAR >= 0.6.
[eval] 14/33 Yawning/Yawning008_yawn1.mp4
W0000 00:00:1784205827.106794   20308 inference_feedback_manager.cc:114] Feedback manager requires a model with a single signature inference. Disabling support for feedback tensors.
W0000 00:00:1784205827.118059   24700 inference_feedback_manager.cc:114] Feedback manager requires a model with a single signature inference. Disabling support for feedback tensors.
[video] yawn CNN enabled (val F1=0.666); P(yawn) >= 0.83 replaces MAR >= 0.6.
[eval] 15/33 Yawning/Yawning008_yawn2.mp4
W0000 00:00:1784205829.023155   25416 inference_feedback_manager.cc:114] Feedback manager requires a model with a single signature inference. Disabling support for feedback tensors.
W0000 00:00:1784205829.035478    5720 inference_feedback_manager.cc:114] Feedback manager requires a model with a single signature inference. Disabling support for feedback tensors.
[video] yawn CNN enabled (val F1=0.666); P(yawn) >= 0.83 replaces MAR >= 0.6.
[eval] 16/33 Yawning/Yawning008_yawn3.mp4
W0000 00:00:1784205832.163271    7352 inference_feedback_manager.cc:114] Feedback manager requires a model with a single signature inference. Disabling support for feedback tensors.
W0000 00:00:1784205832.174595   20932 inference_feedback_manager.cc:114] Feedback manager requires a model with a single signature inference. Disabling support for feedback tensors.
[video] yawn CNN enabled (val F1=0.666); P(yawn) >= 0.83 replaces MAR >= 0.6.
[eval] 17/33 Singing/10-FemaleNoGlasses-Talking.avi
W0000 00:00:1784205834.413804   20580 inference_feedback_manager.cc:114] Feedback manager requires a model with a single signature inference. Disabling support for feedback tensors.
W0000 00:00:1784205834.425716    2032 inference_feedback_manager.cc:114] Feedback manager requires a model with a single signature inference. Disabling support for feedback tensors.
[video] yawn CNN enabled (val F1=0.666); P(yawn) >= 0.83 replaces MAR >= 0.6.
[eval] 18/33 Singing/13-FemaleNoGlasses-Talking.avi
W0000 00:00:1784205853.352639   17484 inference_feedback_manager.cc:114] Feedback manager requires a model with a single signature inference. Disabling support for feedback tensors.
W0000 00:00:1784205853.366884   17484 inference_feedback_manager.cc:114] Feedback manager requires a model with a single signature inference. Disabling support for feedback tensors.
[video] yawn CNN enabled (val F1=0.666); P(yawn) >= 0.83 replaces MAR >= 0.6.
[eval] 19/33 Singing/14-FemaleNoGlasses-Talking.avi
W0000 00:00:1784205868.855057    6600 inference_feedback_manager.cc:114] Feedback manager requires a model with a single signature inference. Disabling support for feedback tensors.
W0000 00:00:1784205868.866563   19868 inference_feedback_manager.cc:114] Feedback manager requires a model with a single signature inference. Disabling support for feedback tensors.
[video] yawn CNN enabled (val F1=0.666); P(yawn) >= 0.83 replaces MAR >= 0.6.
[eval] 20/33 Singing/17-FemaleNoGlasses-Talking.avi
W0000 00:00:1784205890.727979   23124 inference_feedback_manager.cc:114] Feedback manager requires a model with a single signature inference. Disabling support for feedback tensors.
W0000 00:00:1784205890.745358   19108 inference_feedback_manager.cc:114] Feedback manager requires a model with a single signature inference. Disabling support for feedback tensors.
[video] yawn CNN enabled (val F1=0.666); P(yawn) >= 0.83 replaces MAR >= 0.6.
[eval] 21/33 Singing/2-FemaleNoGlasses-Talking.avi
W0000 00:00:1784205906.191150   14340 inference_feedback_manager.cc:114] Feedback manager requires a model with a single signature inference. Disabling support for feedback tensors.
W0000 00:00:1784205906.205764   15744 inference_feedback_manager.cc:114] Feedback manager requires a model with a single signature inference. Disabling support for feedback tensors.
[video] yawn CNN enabled (val F1=0.666); P(yawn) >= 0.83 replaces MAR >= 0.6.
[eval] 22/33 Singing/30-MaleGlasses-Talking.avi
W0000 00:00:1784205920.815016   24228 inference_feedback_manager.cc:114] Feedback manager requires a model with a single signature inference. Disabling support for feedback tensors.
W0000 00:00:1784205920.825435     340 inference_feedback_manager.cc:114] Feedback manager requires a model with a single signature inference. Disabling support for feedback tensors.
[video] yawn CNN enabled (val F1=0.666); P(yawn) >= 0.83 replaces MAR >= 0.6.
[eval] 23/33 Singing/30-MaleGlasses-TalkingYawning.avi
W0000 00:00:1784205937.497660   12040 inference_feedback_manager.cc:114] Feedback manager requires a model with a single signature inference. Disabling support for feedback tensors.
W0000 00:00:1784205937.509191   14284 inference_feedback_manager.cc:114] Feedback manager requires a model with a single signature inference. Disabling support for feedback tensors.
[video] yawn CNN enabled (val F1=0.666); P(yawn) >= 0.83 replaces MAR >= 0.6.
[eval] 24/33 Singing/31-FemaleNoGlasses-Talking.avi
W0000 00:00:1784205948.226041   16556 inference_feedback_manager.cc:114] Feedback manager requires a model with a single signature inference. Disabling support for feedback tensors.
W0000 00:00:1784205948.237191   17172 inference_feedback_manager.cc:114] Feedback manager requires a model with a single signature inference. Disabling support for feedback tensors.
[video] yawn CNN enabled (val F1=0.666); P(yawn) >= 0.83 replaces MAR >= 0.6.
[eval] 25/33 Singing/34-MaleNoGlasses-Talking.avi
W0000 00:00:1784205969.631430   12060 inference_feedback_manager.cc:114] Feedback manager requires a model with a single signature inference. Disabling support for feedback tensors.
W0000 00:00:1784205969.644755   12972 inference_feedback_manager.cc:114] Feedback manager requires a model with a single signature inference. Disabling support for feedback tensors.
[video] yawn CNN enabled (val F1=0.666); P(yawn) >= 0.83 replaces MAR >= 0.6.
[eval] 26/33 Alert/10-FemaleNoGlasses-Normal.avi
W0000 00:00:1784205990.440716   20224 inference_feedback_manager.cc:114] Feedback manager requires a model with a single signature inference. Disabling support for feedback tensors.
W0000 00:00:1784205990.451676   15440 inference_feedback_manager.cc:114] Feedback manager requires a model with a single signature inference. Disabling support for feedback tensors.
[video] yawn CNN enabled (val F1=0.666); P(yawn) >= 0.83 replaces MAR >= 0.6.
[eval] 27/33 Alert/13-FemaleNoGlasses-Normal.avi
W0000 00:00:1784206001.938177   18784 inference_feedback_manager.cc:114] Feedback manager requires a model with a single signature inference. Disabling support for feedback tensors.
W0000 00:00:1784206001.949293   10972 inference_feedback_manager.cc:114] Feedback manager requires a model with a single signature inference. Disabling support for feedback tensors.
[video] yawn CNN enabled (val F1=0.666); P(yawn) >= 0.83 replaces MAR >= 0.6.
[eval] 28/33 Alert/14-FemaleNoGlasses-Normal.avi
W0000 00:00:1784206015.259636    9040 inference_feedback_manager.cc:114] Feedback manager requires a model with a single signature inference. Disabling support for feedback tensors.
W0000 00:00:1784206015.270281   21592 inference_feedback_manager.cc:114] Feedback manager requires a model with a single signature inference. Disabling support for feedback tensors.
[video] yawn CNN enabled (val F1=0.666); P(yawn) >= 0.83 replaces MAR >= 0.6.
[eval] 29/33 Alert/17-FemaleNoGlasses-Normal.avi
W0000 00:00:1784206026.577193   19728 inference_feedback_manager.cc:114] Feedback manager requires a model with a single signature inference. Disabling support for feedback tensors.
W0000 00:00:1784206026.588211   18936 inference_feedback_manager.cc:114] Feedback manager requires a model with a single signature inference. Disabling support for feedback tensors.
[video] yawn CNN enabled (val F1=0.666); P(yawn) >= 0.83 replaces MAR >= 0.6.
[eval] 30/33 Alert/2-FemaleNoGlasses-Normal.avi
W0000 00:00:1784206037.527335    7568 inference_feedback_manager.cc:114] Feedback manager requires a model with a single signature inference. Disabling support for feedback tensors.
W0000 00:00:1784206037.541689   19404 inference_feedback_manager.cc:114] Feedback manager requires a model with a single signature inference. Disabling support for feedback tensors.
[video] yawn CNN enabled (val F1=0.666); P(yawn) >= 0.83 replaces MAR >= 0.6.
[eval] 31/33 Alert/30-MaleGlasses-Normal.avi
W0000 00:00:1784206046.110718   24172 inference_feedback_manager.cc:114] Feedback manager requires a model with a single signature inference. Disabling support for feedback tensors.
W0000 00:00:1784206046.121417   11764 inference_feedback_manager.cc:114] Feedback manager requires a model with a single signature inference. Disabling support for feedback tensors.
[video] yawn CNN enabled (val F1=0.666); P(yawn) >= 0.83 replaces MAR >= 0.6.
[eval] 32/33 Alert/31-FemaleNoGlasses-Normal.avi
W0000 00:00:1784206056.693526   11588 inference_feedback_manager.cc:114] Feedback manager requires a model with a single signature inference. Disabling support for feedback tensors.
W0000 00:00:1784206056.708006   23692 inference_feedback_manager.cc:114] Feedback manager requires a model with a single signature inference. Disabling support for feedback tensors.
[video] yawn CNN enabled (val F1=0.666); P(yawn) >= 0.83 replaces MAR >= 0.6.
[eval] 33/33 Alert/34-MaleNoGlasses-Normal.avi
W0000 00:00:1784206070.741646   22988 inference_feedback_manager.cc:114] Feedback manager requires a model with a single signature inference. Disabling support for feedback tensors.
W0000 00:00:1784206070.755813   10444 inference_feedback_manager.cc:114] Feedback manager requires a model with a single signature inference. Disabling support for feedback tensors.
[video] yawn CNN enabled (val F1=0.666); P(yawn) >= 0.83 replaces MAR >= 0.6.

=== run ===
  commit=709d813  cnn=True  stride=1  subjects=val-a (n=11)
  thresholds: MAR_YAWN=0.6 YAWN_CNN_PROB=0.5 YAWN_MIN_SECONDS=1.2  learned_thresholds=False
  audio: silence (Yawning clips have no audio track)

=== Level A - yawn cue events ===
  clips=33 (pos=16 neg=17) subjects=11
  event recall            94.7%  (18/19)
  mean IoU                0.585
  onset latency (s)       median=1.32  IQR=[1.2, 1.53]
  false yawn events/min   0.374  (over 8.02 min of Singing+Alert)

=== Level B - fused DROWSY ===
  recall, any cue         94.7%
  recall, yawn cue only   63.2%
  neg DROWSY/min by cue   {'eyes': 2.618, 'nod': 0.499, 'yawn': 0.499}

=== health / speed (guard, not a goal) ===
  face found (mean)       99.9%
  process() ms p50/p95    15.87 / 20.53

[eval] wrote reports/sweep_valA_0.83.json
