[eval] val-b: 11 subjects -> ['12-MaleGlasses', '15-MaleNoGlasses', '20-FemaleNoGlasses', '28-MaleNoGlasses', '38-MaleNoGlasses', '40-FemaleNoGlasses', '41-FemaleGlasses', '41-MaleNoGlasses', '5-FemaleGlasses', '6-FemaleNoGlasses', 'speaking002']
[eval] 1/31 Yawning/12-MaleGlasses-Yawning.avi
INFO: Created TensorFlow Lite XNNPACK delegate for CPU.
WARNING: All log messages before absl::InitializeLog() is called are written to STDERR
W0000 00:00:1784207209.595019   13916 inference_feedback_manager.cc:114] Feedback manager requires a model with a single signature inference. Disabling support for feedback tensors.
W0000 00:00:1784207209.608132   13756 inference_feedback_manager.cc:114] Feedback manager requires a model with a single signature inference. Disabling support for feedback tensors.
E:\sahar\pythonCorss\lib\site-packages\google\protobuf\symbol_database.py:55: UserWarning: SymbolDatabase.GetPrototype() is deprecated. Please use message_factory.GetMessageClass() instead. SymbolDatabase.GetPrototype() will be removed soon.
  warnings.warn('SymbolDatabase.GetPrototype() is deprecated. Please '
[video] yawn CNN enabled (val F1=0.666); P(yawn) >= 0.83 replaces MAR >= 0.6.
[eval] 2/31 Yawning/15-MaleNoGlasses-Yawning.avi
W0000 00:00:1784207225.885095   14264 inference_feedback_manager.cc:114] Feedback manager requires a model with a single signature inference. Disabling support for feedback tensors.
W0000 00:00:1784207225.898645   18380 inference_feedback_manager.cc:114] Feedback manager requires a model with a single signature inference. Disabling support for feedback tensors.
[video] yawn CNN enabled (val F1=0.666); P(yawn) >= 0.83 replaces MAR >= 0.6.
[eval] 3/31 Yawning/20-FemaleNoGlasses-Yawning.avi
W0000 00:00:1784207235.490998    3816 inference_feedback_manager.cc:114] Feedback manager requires a model with a single signature inference. Disabling support for feedback tensors.
W0000 00:00:1784207235.503295   14516 inference_feedback_manager.cc:114] Feedback manager requires a model with a single signature inference. Disabling support for feedback tensors.
[video] yawn CNN enabled (val F1=0.666); P(yawn) >= 0.83 replaces MAR >= 0.6.
[eval] 4/31 Yawning/28-MaleNoGlasses-Yawning.avi
W0000 00:00:1784207248.184255   25480 inference_feedback_manager.cc:114] Feedback manager requires a model with a single signature inference. Disabling support for feedback tensors.
W0000 00:00:1784207248.195173    9532 inference_feedback_manager.cc:114] Feedback manager requires a model with a single signature inference. Disabling support for feedback tensors.
[video] yawn CNN enabled (val F1=0.666); P(yawn) >= 0.83 replaces MAR >= 0.6.
[eval] 5/31 Yawning/38-MaleNoGlasses-Yawning.avi
W0000 00:00:1784207256.516589   24828 inference_feedback_manager.cc:114] Feedback manager requires a model with a single signature inference. Disabling support for feedback tensors.
W0000 00:00:1784207256.527168    6064 inference_feedback_manager.cc:114] Feedback manager requires a model with a single signature inference. Disabling support for feedback tensors.
[video] yawn CNN enabled (val F1=0.666); P(yawn) >= 0.83 replaces MAR >= 0.6.
[eval] 6/31 Yawning/40-FemaleNoGlasses-Yawning.avi
W0000 00:00:1784207264.321734   16012 inference_feedback_manager.cc:114] Feedback manager requires a model with a single signature inference. Disabling support for feedback tensors.
W0000 00:00:1784207264.338266   14592 inference_feedback_manager.cc:114] Feedback manager requires a model with a single signature inference. Disabling support for feedback tensors.
[video] yawn CNN enabled (val F1=0.666); P(yawn) >= 0.83 replaces MAR >= 0.6.
[eval] 7/31 Yawning/41-FemaleGlasses-Yawning.avi
W0000 00:00:1784207275.119970    6920 inference_feedback_manager.cc:114] Feedback manager requires a model with a single signature inference. Disabling support for feedback tensors.
W0000 00:00:1784207275.131230   23488 inference_feedback_manager.cc:114] Feedback manager requires a model with a single signature inference. Disabling support for feedback tensors.
[video] yawn CNN enabled (val F1=0.666); P(yawn) >= 0.83 replaces MAR >= 0.6.
[eval] 8/31 Yawning/41-MaleNoGlasses-Yawning.avi
W0000 00:00:1784207284.701929    4060 inference_feedback_manager.cc:114] Feedback manager requires a model with a single signature inference. Disabling support for feedback tensors.
W0000 00:00:1784207284.712105   21276 inference_feedback_manager.cc:114] Feedback manager requires a model with a single signature inference. Disabling support for feedback tensors.
[video] yawn CNN enabled (val F1=0.666); P(yawn) >= 0.83 replaces MAR >= 0.6.
[eval] 9/31 Yawning/5-FemaleGlasses-Yawning.avi
W0000 00:00:1784207295.044999   11424 inference_feedback_manager.cc:114] Feedback manager requires a model with a single signature inference. Disabling support for feedback tensors.
W0000 00:00:1784207295.055784   19028 inference_feedback_manager.cc:114] Feedback manager requires a model with a single signature inference. Disabling support for feedback tensors.
[video] yawn CNN enabled (val F1=0.666); P(yawn) >= 0.83 replaces MAR >= 0.6.
[eval] 10/31 Yawning/6-FemaleNoGlasses-Yawning.avi
W0000 00:00:1784207307.438219    3044 inference_feedback_manager.cc:114] Feedback manager requires a model with a single signature inference. Disabling support for feedback tensors.
W0000 00:00:1784207307.448039    3044 inference_feedback_manager.cc:114] Feedback manager requires a model with a single signature inference. Disabling support for feedback tensors.
[video] yawn CNN enabled (val F1=0.666); P(yawn) >= 0.83 replaces MAR >= 0.6.
[eval] 11/31 Singing/12-MaleGlasses-Talking.avi
W0000 00:00:1784207316.835440   23572 inference_feedback_manager.cc:114] Feedback manager requires a model with a single signature inference. Disabling support for feedback tensors.
W0000 00:00:1784207316.845938    2928 inference_feedback_manager.cc:114] Feedback manager requires a model with a single signature inference. Disabling support for feedback tensors.
[video] yawn CNN enabled (val F1=0.666); P(yawn) >= 0.83 replaces MAR >= 0.6.
[eval] 12/31 Singing/15-MaleNoGlasses-Talking.avi
W0000 00:00:1784207335.635871   25120 inference_feedback_manager.cc:114] Feedback manager requires a model with a single signature inference. Disabling support for feedback tensors.
W0000 00:00:1784207335.650812   20532 inference_feedback_manager.cc:114] Feedback manager requires a model with a single signature inference. Disabling support for feedback tensors.
[video] yawn CNN enabled (val F1=0.666); P(yawn) >= 0.83 replaces MAR >= 0.6.
[eval] 13/31 Singing/20-FemaleNoGlasses-Talking.avi
W0000 00:00:1784207348.613843   12436 inference_feedback_manager.cc:114] Feedback manager requires a model with a single signature inference. Disabling support for feedback tensors.
W0000 00:00:1784207348.628648   13892 inference_feedback_manager.cc:114] Feedback manager requires a model with a single signature inference. Disabling support for feedback tensors.
[video] yawn CNN enabled (val F1=0.666); P(yawn) >= 0.83 replaces MAR >= 0.6.
[eval] 14/31 Singing/28-MaleNoGlasses-Talking.avi
W0000 00:00:1784207360.844103   12760 inference_feedback_manager.cc:114] Feedback manager requires a model with a single signature inference. Disabling support for feedback tensors.
W0000 00:00:1784207360.854461   15148 inference_feedback_manager.cc:114] Feedback manager requires a model with a single signature inference. Disabling support for feedback tensors.
[video] yawn CNN enabled (val F1=0.666); P(yawn) >= 0.83 replaces MAR >= 0.6.
[eval] 15/31 Singing/38-MaleNoGlasses-Talking.avi
W0000 00:00:1784207375.180141   17056 inference_feedback_manager.cc:114] Feedback manager requires a model with a single signature inference. Disabling support for feedback tensors.
W0000 00:00:1784207375.196460   15324 inference_feedback_manager.cc:114] Feedback manager requires a model with a single signature inference. Disabling support for feedback tensors.
[video] yawn CNN enabled (val F1=0.666); P(yawn) >= 0.83 replaces MAR >= 0.6.
[eval] 16/31 Singing/40-FemaleNoGlasses-Talking.avi
W0000 00:00:1784207389.832167    3028 inference_feedback_manager.cc:114] Feedback manager requires a model with a single signature inference. Disabling support for feedback tensors.
W0000 00:00:1784207389.845163   18724 inference_feedback_manager.cc:114] Feedback manager requires a model with a single signature inference. Disabling support for feedback tensors.
[video] yawn CNN enabled (val F1=0.666); P(yawn) >= 0.83 replaces MAR >= 0.6.
[eval] 17/31 Singing/41-FemaleGlasses-Talking.avi
W0000 00:00:1784207404.064052   22316 inference_feedback_manager.cc:114] Feedback manager requires a model with a single signature inference. Disabling support for feedback tensors.
W0000 00:00:1784207404.076158   13092 inference_feedback_manager.cc:114] Feedback manager requires a model with a single signature inference. Disabling support for feedback tensors.
[video] yawn CNN enabled (val F1=0.666); P(yawn) >= 0.83 replaces MAR >= 0.6.
[eval] 18/31 Singing/41-MaleNoGlasses-Talking.avi
W0000 00:00:1784207415.662079    7484 inference_feedback_manager.cc:114] Feedback manager requires a model with a single signature inference. Disabling support for feedback tensors.
W0000 00:00:1784207415.675713    3896 inference_feedback_manager.cc:114] Feedback manager requires a model with a single signature inference. Disabling support for feedback tensors.
[video] yawn CNN enabled (val F1=0.666); P(yawn) >= 0.83 replaces MAR >= 0.6.
[eval] 19/31 Singing/5-FemaleGlasses-Talking.avi
W0000 00:00:1784207433.753405   22428 inference_feedback_manager.cc:114] Feedback manager requires a model with a single signature inference. Disabling support for feedback tensors.
W0000 00:00:1784207433.768248   13916 inference_feedback_manager.cc:114] Feedback manager requires a model with a single signature inference. Disabling support for feedback tensors.
[video] yawn CNN enabled (val F1=0.666); P(yawn) >= 0.83 replaces MAR >= 0.6.
[eval] 20/31 Singing/6-FemaleNoGlasses-Talking.avi
W0000 00:00:1784207451.845780   10700 inference_feedback_manager.cc:114] Feedback manager requires a model with a single signature inference. Disabling support for feedback tensors.
W0000 00:00:1784207451.861124   11592 inference_feedback_manager.cc:114] Feedback manager requires a model with a single signature inference. Disabling support for feedback tensors.
[video] yawn CNN enabled (val F1=0.666); P(yawn) >= 0.83 replaces MAR >= 0.6.
[eval] 21/31 Singing/speaking002.mp4
W0000 00:00:1784207468.962820    2468 inference_feedback_manager.cc:114] Feedback manager requires a model with a single signature inference. Disabling support for feedback tensors.
W0000 00:00:1784207468.978488   16280 inference_feedback_manager.cc:114] Feedback manager requires a model with a single signature inference. Disabling support for feedback tensors.
[video] yawn CNN enabled (val F1=0.666); P(yawn) >= 0.83 replaces MAR >= 0.6.
[eval] 22/31 Alert/12-MaleGlasses-Normal.avi
W0000 00:00:1784207481.933488   14152 inference_feedback_manager.cc:114] Feedback manager requires a model with a single signature inference. Disabling support for feedback tensors.
W0000 00:00:1784207481.948524   14152 inference_feedback_manager.cc:114] Feedback manager requires a model with a single signature inference. Disabling support for feedback tensors.
[video] yawn CNN enabled (val F1=0.666); P(yawn) >= 0.83 replaces MAR >= 0.6.
[eval] 23/31 Alert/15-MaleNoGlasses-Normal.avi
W0000 00:00:1784207493.419770   24312 inference_feedback_manager.cc:114] Feedback manager requires a model with a single signature inference. Disabling support for feedback tensors.
W0000 00:00:1784207493.435523   24096 inference_feedback_manager.cc:114] Feedback manager requires a model with a single signature inference. Disabling support for feedback tensors.
[video] yawn CNN enabled (val F1=0.666); P(yawn) >= 0.83 replaces MAR >= 0.6.
[eval] 24/31 Alert/20-FemaleNoGlasses-Normal.avi
W0000 00:00:1784207504.542425   22996 inference_feedback_manager.cc:114] Feedback manager requires a model with a single signature inference. Disabling support for feedback tensors.
W0000 00:00:1784207504.559086   16012 inference_feedback_manager.cc:114] Feedback manager requires a model with a single signature inference. Disabling support for feedback tensors.
[video] yawn CNN enabled (val F1=0.666); P(yawn) >= 0.83 replaces MAR >= 0.6.
[eval] 25/31 Alert/28-MaleNoGlasses-Normal.avi
W0000 00:00:1784207518.783030   20188 inference_feedback_manager.cc:114] Feedback manager requires a model with a single signature inference. Disabling support for feedback tensors.
W0000 00:00:1784207518.796352   20188 inference_feedback_manager.cc:114] Feedback manager requires a model with a single signature inference. Disabling support for feedback tensors.
[video] yawn CNN enabled (val F1=0.666); P(yawn) >= 0.83 replaces MAR >= 0.6.
[eval] 26/31 Alert/38-MaleNoGlasses-Normal.avi
W0000 00:00:1784207528.359404   15924 inference_feedback_manager.cc:114] Feedback manager requires a model with a single signature inference. Disabling support for feedback tensors.
W0000 00:00:1784207528.376704   17832 inference_feedback_manager.cc:114] Feedback manager requires a model with a single signature inference. Disabling support for feedback tensors.
[video] yawn CNN enabled (val F1=0.666); P(yawn) >= 0.83 replaces MAR >= 0.6.
[eval] 27/31 Alert/40-FemaleNoGlasses-Normal.avi
W0000 00:00:1784207539.315242   16088 inference_feedback_manager.cc:114] Feedback manager requires a model with a single signature inference. Disabling support for feedback tensors.
W0000 00:00:1784207539.326431    6892 inference_feedback_manager.cc:114] Feedback manager requires a model with a single signature inference. Disabling support for feedback tensors.
[video] yawn CNN enabled (val F1=0.666); P(yawn) >= 0.83 replaces MAR >= 0.6.
[eval] 28/31 Alert/41-FemaleGlasses-Normal.avi
W0000 00:00:1784207548.395647   23416 inference_feedback_manager.cc:114] Feedback manager requires a model with a single signature inference. Disabling support for feedback tensors.
W0000 00:00:1784207548.409438   22552 inference_feedback_manager.cc:114] Feedback manager requires a model with a single signature inference. Disabling support for feedback tensors.
[video] yawn CNN enabled (val F1=0.666); P(yawn) >= 0.83 replaces MAR >= 0.6.
[eval] 29/31 Alert/41-MaleNoGlasses-Normal.avi
W0000 00:00:1784207557.017174   19856 inference_feedback_manager.cc:114] Feedback manager requires a model with a single signature inference. Disabling support for feedback tensors.
W0000 00:00:1784207557.030529    6884 inference_feedback_manager.cc:114] Feedback manager requires a model with a single signature inference. Disabling support for feedback tensors.
[video] yawn CNN enabled (val F1=0.666); P(yawn) >= 0.83 replaces MAR >= 0.6.
[eval] 30/31 Alert/5-FemaleGlasses-Normal.avi
W0000 00:00:1784207572.713643    4844 inference_feedback_manager.cc:114] Feedback manager requires a model with a single signature inference. Disabling support for feedback tensors.
W0000 00:00:1784207572.729376    6936 inference_feedback_manager.cc:114] Feedback manager requires a model with a single signature inference. Disabling support for feedback tensors.
[video] yawn CNN enabled (val F1=0.666); P(yawn) >= 0.83 replaces MAR >= 0.6.
[eval] 31/31 Alert/6-FemaleNoGlasses-Normal.avi
W0000 00:00:1784207584.982381   17876 inference_feedback_manager.cc:114] Feedback manager requires a model with a single signature inference. Disabling support for feedback tensors.
W0000 00:00:1784207585.002633   11508 inference_feedback_manager.cc:114] Feedback manager requires a model with a single signature inference. Disabling support for feedback tensors.
[video] yawn CNN enabled (val F1=0.666); P(yawn) >= 0.83 replaces MAR >= 0.6.

=== run ===
  commit=709d813  cnn=True  stride=1  subjects=val-b (n=11)
  thresholds: MAR_YAWN=0.6 YAWN_CNN_PROB=0.5 YAWN_MIN_SECONDS=1.2  learned_thresholds=False
  audio: silence (Yawning clips have no audio track)

=== Level A - yawn cue events ===
  clips=31 (pos=10 neg=21) subjects=11
  event recall            100.0%  (14/14)   95% CI [100.0%, 100.0%]
  mean IoU                0.578
  onset latency (s)       median=1.53  IQR=[1.37, 1.63]
  false yawn events/min   0.911  (over 8.78 min of Singing+Alert)

=== Level B - fused DROWSY ===
  recall, any cue         100.0%
  recall, yawn cue only   92.9%
  neg DROWSY/min by cue   {'eyes': 1.481, 'yawn': 0.684, 'nod': 0.114}

=== health / speed (guard, not a goal) ===
  face found (mean)       99.7%
  process() ms p50/p95    15.73 / 20.46

[eval] wrote reports/tuned_cnn083_valb.json
